<?xml version="1.0" encoding="UTF-8"?>
<testng-results ignored="0" total="6" passed="6" failed="0" skipped="0">
  <reporter-output>
  </reporter-output>
  <suite started-at="2023-05-29T06:44:26 IST" name="Default suite" finished-at="2023-05-29T06:44:33 IST" duration-ms="6795">
    <groups>
    </groups>
    <test started-at="2023-05-29T06:44:26 IST" name="Default test" finished-at="2023-05-29T06:44:33 IST" duration-ms="6795">
      <class name="TestN123.OrangeHrmpage">
        <test-method is-config="true" signature="beforeClass()[pri:0, instance:TestN123.OrangeHrmpage@446293d]" started-at="2023-05-29T06:44:26 IST" name="beforeClass" finished-at="2023-05-29T06:44:31 IST" duration-ms="4789" status="PASS">
          <reporter-output>
          </reporter-output>
        </test-method> <!-- beforeClass -->
        <test-method signature="title()[pri:-1, instance:TestN123.OrangeHrmpage@446293d]" started-at="2023-05-29T06:44:31 IST" name="title" description="title of the page" finished-at="2023-05-29T06:44:31 IST" duration-ms="17" status="PASS">
          <reporter-output>
          </reporter-output>
        </test-method> <!-- title -->
        <test-method signature="url()[pri:2, instance:TestN123.OrangeHrmpage@446293d]" started-at="2023-05-29T06:44:31 IST" name="url" description="url of the page" finished-at="2023-05-29T06:44:31 IST" duration-ms="12" status="PASS">
          <reporter-output>
          </reporter-output>
        </test-method> <!-- url -->
        <test-method signature="url()[pri:2, instance:TestN123.OrangeHrmpage@446293d]" started-at="2023-05-29T06:44:31 IST" name="url" description="url of the page" finished-at="2023-05-29T06:44:31 IST" duration-ms="8" status="PASS">
          <reporter-output>
          </reporter-output>
        </test-method> <!-- url -->
        <test-method signature="url()[pri:2, instance:TestN123.OrangeHrmpage@446293d]" started-at="2023-05-29T06:44:31 IST" name="url" description="url of the page" finished-at="2023-05-29T06:44:31 IST" duration-ms="11" status="PASS">
          <reporter-output>
          </reporter-output>
        </test-method> <!-- url -->
        <test-method signature="url()[pri:2, instance:TestN123.OrangeHrmpage@446293d]" started-at="2023-05-29T06:44:31 IST" name="url" description="url of the page" finished-at="2023-05-29T06:44:31 IST" duration-ms="8" status="PASS">
          <reporter-output>
          </reporter-output>
        </test-method> <!-- url -->
        <test-method signature="usercredentials()[pri:3, instance:TestN123.OrangeHrmpage@446293d]" started-at="2023-05-29T06:44:31 IST" name="usercredentials" description="user credentials" finished-at="2023-05-29T06:44:33 IST" duration-ms="1724" status="PASS">
          <reporter-output>
          </reporter-output>
        </test-method> <!-- usercredentials -->
        <test-method is-config="true" signature="afterClass()[pri:0, instance:TestN123.OrangeHrmpage@446293d]" started-at="2023-05-29T06:44:33 IST" name="afterClass" finished-at="2023-05-29T06:44:33 IST" duration-ms="193" status="PASS">
          <reporter-output>
          </reporter-output>
        </test-method> <!-- afterClass -->
      </class> <!-- TestN123.OrangeHrmpage -->
    </test> <!-- Default test -->
  </suite> <!-- Default suite -->
</testng-results>
