<?xml version="1.0" encoding="UTF-8"?>
<testng-results ignored="0" total="1" passed="1" failed="0" skipped="0">
  <reporter-output>
  </reporter-output>
  <suite started-at="2023-05-29T10:05:58 IST" name="Suite" finished-at="2023-05-29T10:06:37 IST" duration-ms="38750">
    <groups>
    </groups>
    <test started-at="2023-05-29T10:05:58 IST" name="Test" finished-at="2023-05-29T10:06:37 IST" duration-ms="38750">
      <class name="testing.Dp1">
        <test-method signature="f(java.lang.String,java.lang.String)[pri:0, instance:testing.Dp1@62230c58]" started-at="2023-05-29T10:05:58 IST" name="f" data-provider="dp" finished-at="2023-05-29T10:06:36 IST" duration-ms="38719" status="PASS">
          <params>
            <param index="0">
              <value>
                <![CDATA[Admin]]>
              </value>
            </param>
            <param index="1">
              <value>
                <![CDATA[admin123]]>
              </value>
            </param>
          </params>
          <reporter-output>
          </reporter-output>
        </test-method> <!-- f -->
      </class> <!-- testing.Dp1 -->
    </test> <!-- Test -->
  </suite> <!-- Suite -->
</testng-results>
