<?xml version="1.0" encoding="UTF-8"?>
<!-- Generated by org.testng.reporters.JUnitXMLReporter -->
<testsuite ignored="0" hostname="LAPTOP-4394Q7SE" failures="0" tests="6" name="Default test" time="10.58" errors="0" timestamp="2023-05-26T08:31:58 IST">
  <testcase classname="DAY1.Newtours" name="Url" time="0.012"/>
  <testcase classname="DAY1.Newtours" name="Title" time="0.009"/>
  <testcase classname="DAY1.Newtours" name="Title" time="0.007"/>
  <testcase classname="DAY1.Newtours" name="Title" time="0.006"/>
  <testcase classname="DAY1.Newtours" name="Dropdown" time="2.532"/>
  <testcase classname="DAY1.Newtours" name="Screenshot" time="0.161"/>
</testsuite> <!-- Default test -->
