<?xml version="1.0" encoding="UTF-8"?>
<testng-results total="2" passed="2" failed="0" skipped="0">
  <reporter-output>
  </reporter-output>
  <suite started-at="2023-05-29T09:46:49Z" name="Default suite" finished-at="2023-05-29T09:47:09Z" duration-ms="19244">
    <groups>
    </groups>
    <test started-at="2023-05-29T09:46:49Z" name="Default test" finished-at="2023-05-29T09:47:09Z" duration-ms="19244">
      <class name="Alert_Meeages.reading">
        <test-method signature="Student(java.lang.String, java.lang.String)[pri:0, instance:Alert_Meeages.reading@1fd14d74]" started-at="2023-05-29T15:16:49Z" name="Student" data-provider="parameterization" finished-at="2023-05-29T15:16:59Z" duration-ms="9359" status="PASS">
          <params>
            <param index="0">
              <value>
                <![CDATA[Admin]]>
              </value>
            </param>
            <param index="1">
              <value>
                <![CDATA[admin123]]>
              </value>
            </param>
          </params>
          <reporter-output>
          </reporter-output>
        </test-method> <!-- Student -->
        <test-method signature="Student(java.lang.String, java.lang.String)[pri:0, instance:Alert_Meeages.reading@1fd14d74]" started-at="2023-05-29T15:16:59Z" name="Student" data-provider="parameterization" finished-at="2023-05-29T15:17:09Z" duration-ms="9871" status="PASS">
          <params>
            <param index="0">
              <value>
                <![CDATA[Admin]]>
              </value>
            </param>
            <param index="1">
              <value>
                <![CDATA[admin123]]>
              </value>
            </param>
          </params>
          <reporter-output>
          </reporter-output>
        </test-method> <!-- Student -->
      </class> <!-- Alert_Meeages.reading -->
    </test> <!-- Default test -->
  </suite> <!-- Default suite -->
</testng-results>
