<?xml version="1.0" encoding="UTF-8"?>
<!-- Generated by org.testng.reporters.JUnitXMLReporter -->
<testsuite ignored="0" hostname="LAPTOP-4394Q7SE" failures="1" tests="3" name="Test" time="21.532" errors="0" timestamp="2023-05-26T14:54:57 IST">
  <testcase classname="TestN123.OrangeHrmpage" name="title" time="0.025"/>
  <testcase classname="TestN123.OrangeHrmpage" name="url" time="0.021"/>
  <testcase classname="TestN123.OrangeHrmpage" name="usercredentials" time="0.0">
    <failure type="org.testng.TestNGException" message="
Cannot inject @Test annotated Method [usercredentials] with [class java.lang.String, class java.lang.String].
For more information on native dependency injection please refer to https://testng.org/doc/documentation-main.html#native-dependency-injection">
      <![CDATA[org.testng.TestNGException: 
Cannot inject @Test annotated Method [usercredentials] with [class java.lang.String, class java.lang.String].
For more information on native dependency injection please refer to https://testng.org/doc/documentation-main.html#native-dependency-injection
at java.base/java.util.ArrayList.forEach(ArrayList.java:1511)
... Removed 26 stack frames]]>
    </failure>
  </testcase> <!-- usercredentials -->
</testsuite> <!-- Test -->
