<?xml version="1.0" encoding="UTF-8"?>
<!-- Generated by org.testng.reporters.JUnitXMLReporter -->
<testsuite ignored="0" hostname="LAPTOP-4394Q7SE" failures="0" tests="6" name="Default test" time="6.795" errors="0" timestamp="2023-05-29T06:44:33 IST">
  <testcase classname="TestN123.OrangeHrmpage" name="title" time="0.017"/>
  <testcase classname="TestN123.OrangeHrmpage" name="url" time="0.012"/>
  <testcase classname="TestN123.OrangeHrmpage" name="url" time="0.008"/>
  <testcase classname="TestN123.OrangeHrmpage" name="url" time="0.011"/>
  <testcase classname="TestN123.OrangeHrmpage" name="url" time="0.008"/>
  <testcase classname="TestN123.OrangeHrmpage" name="usercredentials" time="1.724"/>
</testsuite> <!-- Default test -->
